CRITICAL - 2021-12-27 01:23:35 --> Invalid file: templates/v_footeer.php
#0 C:\xampp\htdocs\finalprojectwp02\sn-ci4\system\View\View.php(198): CodeIgniter\Exceptions\FrameworkException::forInvalidFile('templates/v_foo...')
#1 C:\xampp\htdocs\finalprojectwp02\sn-ci4\system\Common.php(1097): CodeIgniter\View\View->render('templates/v_foo...', Array, true)
#2 C:\xampp\htdocs\finalprojectwp02\sn-ci4\app\Controllers\Home.php(17): view('templates/v_foo...')
#3 C:\xampp\htdocs\finalprojectwp02\sn-ci4\system\CodeIgniter.php(824): App\Controllers\Home->index()
#4 C:\xampp\htdocs\finalprojectwp02\sn-ci4\system\CodeIgniter.php(410): CodeIgniter\CodeIgniter->runController(Object(App\Controllers\Home))
#5 C:\xampp\htdocs\finalprojectwp02\sn-ci4\system\CodeIgniter.php(318): CodeIgniter\CodeIgniter->handleRequest(NULL, Object(Config\Cache), false)
#6 C:\xampp\htdocs\finalprojectwp02\sn-ci4\public\index.php(37): CodeIgniter\CodeIgniter->run()
#7 C:\xampp\htdocs\finalprojectwp02\sn-ci4\system\Commands\Server\rewrite.php(43): require_once('C:\\xampp\\htdocs...')
#8 {main}
CRITICAL - 2021-12-27 01:23:58 --> Invalid file: templates/v_footeer.php
#0 C:\xampp\htdocs\finalprojectwp02\sn-ci4\system\View\View.php(198): CodeIgniter\Exceptions\FrameworkException::forInvalidFile('templates/v_foo...')
#1 C:\xampp\htdocs\finalprojectwp02\sn-ci4\system\Common.php(1097): CodeIgniter\View\View->render('templates/v_foo...', Array, true)
#2 C:\xampp\htdocs\finalprojectwp02\sn-ci4\app\Controllers\Home.php(17): view('templates/v_foo...')
#3 C:\xampp\htdocs\finalprojectwp02\sn-ci4\system\CodeIgniter.php(824): App\Controllers\Home->index()
#4 C:\xampp\htdocs\finalprojectwp02\sn-ci4\system\CodeIgniter.php(410): CodeIgniter\CodeIgniter->runController(Object(App\Controllers\Home))
#5 C:\xampp\htdocs\finalprojectwp02\sn-ci4\system\CodeIgniter.php(318): CodeIgniter\CodeIgniter->handleRequest(NULL, Object(Config\Cache), false)
#6 C:\xampp\htdocs\finalprojectwp02\sn-ci4\public\index.php(37): CodeIgniter\CodeIgniter->run()
#7 C:\xampp\htdocs\finalprojectwp02\sn-ci4\system\Commands\Server\rewrite.php(43): require_once('C:\\xampp\\htdocs...')
#8 {main}
CRITICAL - 2021-12-27 03:07:46 --> Undefined property: CodeIgniter\Database\MySQLi\Builder::$get
#0 C:\xampp\htdocs\finalprojectwp02\sn-ci4\app\Models\M_Siswa.php(14): CodeIgniter\Debug\Exceptions->errorHandler(8, 'Undefined prope...', 'C:\\xampp\\htdocs...', 14, Array)
#1 C:\xampp\htdocs\finalprojectwp02\sn-ci4\app\Controllers\Siswa.php(16): App\Models\M_Siswa->getAllData()
#2 C:\xampp\htdocs\finalprojectwp02\sn-ci4\system\CodeIgniter.php(824): App\Controllers\Siswa->index()
#3 C:\xampp\htdocs\finalprojectwp02\sn-ci4\system\CodeIgniter.php(410): CodeIgniter\CodeIgniter->runController(Object(App\Controllers\Siswa))
#4 C:\xampp\htdocs\finalprojectwp02\sn-ci4\system\CodeIgniter.php(318): CodeIgniter\CodeIgniter->handleRequest(NULL, Object(Config\Cache), false)
#5 C:\xampp\htdocs\finalprojectwp02\sn-ci4\public\index.php(37): CodeIgniter\CodeIgniter->run()
#6 C:\xampp\htdocs\finalprojectwp02\sn-ci4\system\Commands\Server\rewrite.php(43): require_once('C:\\xampp\\htdocs...')
#7 {main}
CRITICAL - 2021-12-27 03:09:12 --> Undefined index: no
#0 C:\xampp\htdocs\finalprojectwp02\sn-ci4\app\Views\Siswa\index.php(21): CodeIgniter\Debug\Exceptions->errorHandler(8, 'Undefined index...', 'C:\\xampp\\htdocs...', 21, Array)
#1 C:\xampp\htdocs\finalprojectwp02\sn-ci4\system\View\View.php(214): include('C:\\xampp\\htdocs...')
#2 C:\xampp\htdocs\finalprojectwp02\sn-ci4\system\View\View.php(217): CodeIgniter\View\View->CodeIgniter\View\{closure}()
#3 C:\xampp\htdocs\finalprojectwp02\sn-ci4\system\Common.php(1097): CodeIgniter\View\View->render('siswa/index', Array, true)
#4 C:\xampp\htdocs\finalprojectwp02\sn-ci4\app\Controllers\Siswa.php(22): view('siswa/index', Array)
#5 C:\xampp\htdocs\finalprojectwp02\sn-ci4\system\CodeIgniter.php(824): App\Controllers\Siswa->index()
#6 C:\xampp\htdocs\finalprojectwp02\sn-ci4\system\CodeIgniter.php(410): CodeIgniter\CodeIgniter->runController(Object(App\Controllers\Siswa))
#7 C:\xampp\htdocs\finalprojectwp02\sn-ci4\system\CodeIgniter.php(318): CodeIgniter\CodeIgniter->handleRequest(NULL, Object(Config\Cache), false)
#8 C:\xampp\htdocs\finalprojectwp02\sn-ci4\public\index.php(37): CodeIgniter\CodeIgniter->run()
#9 C:\xampp\htdocs\finalprojectwp02\sn-ci4\system\Commands\Server\rewrite.php(43): require_once('C:\\xampp\\htdocs...')
#10 {main}
CRITICAL - 2021-12-27 03:09:27 --> Undefined index: nomor
#0 C:\xampp\htdocs\finalprojectwp02\sn-ci4\app\Views\Siswa\index.php(21): CodeIgniter\Debug\Exceptions->errorHandler(8, 'Undefined index...', 'C:\\xampp\\htdocs...', 21, Array)
#1 C:\xampp\htdocs\finalprojectwp02\sn-ci4\system\View\View.php(214): include('C:\\xampp\\htdocs...')
#2 C:\xampp\htdocs\finalprojectwp02\sn-ci4\system\View\View.php(217): CodeIgniter\View\View->CodeIgniter\View\{closure}()
#3 C:\xampp\htdocs\finalprojectwp02\sn-ci4\system\Common.php(1097): CodeIgniter\View\View->render('siswa/index', Array, true)
#4 C:\xampp\htdocs\finalprojectwp02\sn-ci4\app\Controllers\Siswa.php(22): view('siswa/index', Array)
#5 C:\xampp\htdocs\finalprojectwp02\sn-ci4\system\CodeIgniter.php(824): App\Controllers\Siswa->index()
#6 C:\xampp\htdocs\finalprojectwp02\sn-ci4\system\CodeIgniter.php(410): CodeIgniter\CodeIgniter->runController(Object(App\Controllers\Siswa))
#7 C:\xampp\htdocs\finalprojectwp02\sn-ci4\system\CodeIgniter.php(318): CodeIgniter\CodeIgniter->handleRequest(NULL, Object(Config\Cache), false)
#8 C:\xampp\htdocs\finalprojectwp02\sn-ci4\public\index.php(37): CodeIgniter\CodeIgniter->run()
#9 C:\xampp\htdocs\finalprojectwp02\sn-ci4\system\Commands\Server\rewrite.php(43): require_once('C:\\xampp\\htdocs...')
#10 {main}
CRITICAL - 2021-12-27 03:16:24 --> Call to a member function getResultArray() on array
#0 C:\xampp\htdocs\finalprojectwp02\sn-ci4\system\View\View.php(214): include()
#1 C:\xampp\htdocs\finalprojectwp02\sn-ci4\system\View\View.php(217): CodeIgniter\View\View->CodeIgniter\View\{closure}()
#2 C:\xampp\htdocs\finalprojectwp02\sn-ci4\system\Common.php(1097): CodeIgniter\View\View->render('siswa/index', Array, true)
#3 C:\xampp\htdocs\finalprojectwp02\sn-ci4\app\Controllers\Siswa.php(22): view('siswa/index', Array)
#4 C:\xampp\htdocs\finalprojectwp02\sn-ci4\system\CodeIgniter.php(824): App\Controllers\Siswa->index()
#5 C:\xampp\htdocs\finalprojectwp02\sn-ci4\system\CodeIgniter.php(410): CodeIgniter\CodeIgniter->runController(Object(App\Controllers\Siswa))
#6 C:\xampp\htdocs\finalprojectwp02\sn-ci4\system\CodeIgniter.php(318): CodeIgniter\CodeIgniter->handleRequest(NULL, Object(Config\Cache), false)
#7 C:\xampp\htdocs\finalprojectwp02\sn-ci4\public\index.php(37): CodeIgniter\CodeIgniter->run()
#8 C:\xampp\htdocs\finalprojectwp02\sn-ci4\system\Commands\Server\rewrite.php(43): require_once('C:\\xampp\\htdocs...')
#9 {main}
CRITICAL - 2021-12-27 03:22:37 --> Undefined variable: judul
#0 C:\xampp\htdocs\finalprojectwp02\sn-ci4\app\Views\templates\v_header.php(12): CodeIgniter\Debug\Exceptions->errorHandler(8, 'Undefined varia...', 'C:\\xampp\\htdocs...', 12, Array)
#1 C:\xampp\htdocs\finalprojectwp02\sn-ci4\system\View\View.php(214): include('C:\\xampp\\htdocs...')
#2 C:\xampp\htdocs\finalprojectwp02\sn-ci4\system\View\View.php(217): CodeIgniter\View\View->CodeIgniter\View\{closure}()
#3 C:\xampp\htdocs\finalprojectwp02\sn-ci4\system\Common.php(1097): CodeIgniter\View\View->render('templates/v_hea...', Array, true)
#4 C:\xampp\htdocs\finalprojectwp02\sn-ci4\app\Controllers\Home.php(13): view('templates/v_hea...')
#5 C:\xampp\htdocs\finalprojectwp02\sn-ci4\system\CodeIgniter.php(824): App\Controllers\Home->index()
#6 C:\xampp\htdocs\finalprojectwp02\sn-ci4\system\CodeIgniter.php(410): CodeIgniter\CodeIgniter->runController(Object(App\Controllers\Home))
#7 C:\xampp\htdocs\finalprojectwp02\sn-ci4\system\CodeIgniter.php(318): CodeIgniter\CodeIgniter->handleRequest(NULL, Object(Config\Cache), false)
#8 C:\xampp\htdocs\finalprojectwp02\sn-ci4\public\index.php(37): CodeIgniter\CodeIgniter->run()
#9 C:\xampp\htdocs\finalprojectwp02\sn-ci4\system\Commands\Server\rewrite.php(43): require_once('C:\\xampp\\htdocs...')
#10 {main}
CRITICAL - 2021-12-27 03:25:14 --> Undefined variable: judul
#0 C:\xampp\htdocs\finalprojectwp02\sn-ci4\app\Views\templates\v_header.php(12): CodeIgniter\Debug\Exceptions->errorHandler(8, 'Undefined varia...', 'C:\\xampp\\htdocs...', 12, Array)
#1 C:\xampp\htdocs\finalprojectwp02\sn-ci4\system\View\View.php(214): include('C:\\xampp\\htdocs...')
#2 C:\xampp\htdocs\finalprojectwp02\sn-ci4\system\View\View.php(217): CodeIgniter\View\View->CodeIgniter\View\{closure}()
#3 C:\xampp\htdocs\finalprojectwp02\sn-ci4\system\Common.php(1097): CodeIgniter\View\View->render('templates/v_hea...', Array, true)
#4 C:\xampp\htdocs\finalprojectwp02\sn-ci4\app\Controllers\Home.php(13): view('templates/v_hea...')
#5 C:\xampp\htdocs\finalprojectwp02\sn-ci4\system\CodeIgniter.php(824): App\Controllers\Home->index()
#6 C:\xampp\htdocs\finalprojectwp02\sn-ci4\system\CodeIgniter.php(410): CodeIgniter\CodeIgniter->runController(Object(App\Controllers\Home))
#7 C:\xampp\htdocs\finalprojectwp02\sn-ci4\system\CodeIgniter.php(318): CodeIgniter\CodeIgniter->handleRequest(NULL, Object(Config\Cache), false)
#8 C:\xampp\htdocs\finalprojectwp02\sn-ci4\public\index.php(37): CodeIgniter\CodeIgniter->run()
#9 C:\xampp\htdocs\finalprojectwp02\sn-ci4\system\Commands\Server\rewrite.php(43): require_once('C:\\xampp\\htdocs...')
#10 {main}
CRITICAL - 2021-12-27 03:25:47 --> Undefined variable: judul
#0 C:\xampp\htdocs\finalprojectwp02\sn-ci4\app\Views\templates\v_header.php(12): CodeIgniter\Debug\Exceptions->errorHandler(8, 'Undefined varia...', 'C:\\xampp\\htdocs...', 12, Array)
#1 C:\xampp\htdocs\finalprojectwp02\sn-ci4\system\View\View.php(214): include('C:\\xampp\\htdocs...')
#2 C:\xampp\htdocs\finalprojectwp02\sn-ci4\system\View\View.php(217): CodeIgniter\View\View->CodeIgniter\View\{closure}()
#3 C:\xampp\htdocs\finalprojectwp02\sn-ci4\system\Common.php(1097): CodeIgniter\View\View->render('templates/v_hea...', Array, true)
#4 C:\xampp\htdocs\finalprojectwp02\sn-ci4\app\Controllers\Home.php(13): view('templates/v_hea...')
#5 C:\xampp\htdocs\finalprojectwp02\sn-ci4\system\CodeIgniter.php(824): App\Controllers\Home->index()
#6 C:\xampp\htdocs\finalprojectwp02\sn-ci4\system\CodeIgniter.php(410): CodeIgniter\CodeIgniter->runController(Object(App\Controllers\Home))
#7 C:\xampp\htdocs\finalprojectwp02\sn-ci4\system\CodeIgniter.php(318): CodeIgniter\CodeIgniter->handleRequest(NULL, Object(Config\Cache), false)
#8 C:\xampp\htdocs\finalprojectwp02\sn-ci4\public\index.php(37): CodeIgniter\CodeIgniter->run()
#9 C:\xampp\htdocs\finalprojectwp02\sn-ci4\system\Commands\Server\rewrite.php(43): require_once('C:\\xampp\\htdocs...')
#10 {main}
CRITICAL - 2021-12-27 03:27:35 --> Undefined variable: judul
#0 C:\xampp\htdocs\finalprojectwp02\sn-ci4\app\Views\templates\v_header.php(12): CodeIgniter\Debug\Exceptions->errorHandler(8, 'Undefined varia...', 'C:\\xampp\\htdocs...', 12, Array)
#1 C:\xampp\htdocs\finalprojectwp02\sn-ci4\system\View\View.php(214): include('C:\\xampp\\htdocs...')
#2 C:\xampp\htdocs\finalprojectwp02\sn-ci4\system\View\View.php(217): CodeIgniter\View\View->CodeIgniter\View\{closure}()
#3 C:\xampp\htdocs\finalprojectwp02\sn-ci4\system\Common.php(1097): CodeIgniter\View\View->render('templates/v_hea...', Array, true)
#4 C:\xampp\htdocs\finalprojectwp02\sn-ci4\app\Controllers\Home.php(13): view('templates/v_hea...')
#5 C:\xampp\htdocs\finalprojectwp02\sn-ci4\system\CodeIgniter.php(824): App\Controllers\Home->index()
#6 C:\xampp\htdocs\finalprojectwp02\sn-ci4\system\CodeIgniter.php(410): CodeIgniter\CodeIgniter->runController(Object(App\Controllers\Home))
#7 C:\xampp\htdocs\finalprojectwp02\sn-ci4\system\CodeIgniter.php(318): CodeIgniter\CodeIgniter->handleRequest(NULL, Object(Config\Cache), false)
#8 C:\xampp\htdocs\finalprojectwp02\sn-ci4\public\index.php(37): CodeIgniter\CodeIgniter->run()
#9 C:\xampp\htdocs\finalprojectwp02\sn-ci4\system\Commands\Server\rewrite.php(43): require_once('C:\\xampp\\htdocs...')
#10 {main}
CRITICAL - 2021-12-27 03:28:39 --> Undefined variable: judul
#0 C:\xampp\htdocs\finalprojectwp02\sn-ci4\app\Views\templates\v_header.php(12): CodeIgniter\Debug\Exceptions->errorHandler(8, 'Undefined varia...', 'C:\\xampp\\htdocs...', 12, Array)
#1 C:\xampp\htdocs\finalprojectwp02\sn-ci4\system\View\View.php(214): include('C:\\xampp\\htdocs...')
#2 C:\xampp\htdocs\finalprojectwp02\sn-ci4\system\View\View.php(217): CodeIgniter\View\View->CodeIgniter\View\{closure}()
#3 C:\xampp\htdocs\finalprojectwp02\sn-ci4\system\Common.php(1097): CodeIgniter\View\View->render('templates/v_hea...', Array, true)
#4 C:\xampp\htdocs\finalprojectwp02\sn-ci4\app\Controllers\Home.php(13): view('templates/v_hea...')
#5 C:\xampp\htdocs\finalprojectwp02\sn-ci4\system\CodeIgniter.php(824): App\Controllers\Home->index()
#6 C:\xampp\htdocs\finalprojectwp02\sn-ci4\system\CodeIgniter.php(410): CodeIgniter\CodeIgniter->runController(Object(App\Controllers\Home))
#7 C:\xampp\htdocs\finalprojectwp02\sn-ci4\system\CodeIgniter.php(318): CodeIgniter\CodeIgniter->handleRequest(NULL, Object(Config\Cache), false)
#8 C:\xampp\htdocs\finalprojectwp02\sn-ci4\public\index.php(37): CodeIgniter\CodeIgniter->run()
#9 C:\xampp\htdocs\finalprojectwp02\sn-ci4\system\Commands\Server\rewrite.php(43): require_once('C:\\xampp\\htdocs...')
#10 {main}
CRITICAL - 2021-12-27 03:29:56 --> Undefined variable: judul
#0 C:\xampp\htdocs\finalprojectwp02\sn-ci4\app\Views\templates\v_header.php(12): CodeIgniter\Debug\Exceptions->errorHandler(8, 'Undefined varia...', 'C:\\xampp\\htdocs...', 12, Array)
#1 C:\xampp\htdocs\finalprojectwp02\sn-ci4\system\View\View.php(214): include('C:\\xampp\\htdocs...')
#2 C:\xampp\htdocs\finalprojectwp02\sn-ci4\system\View\View.php(217): CodeIgniter\View\View->CodeIgniter\View\{closure}()
#3 C:\xampp\htdocs\finalprojectwp02\sn-ci4\system\Common.php(1097): CodeIgniter\View\View->render('templates/v_hea...', Array, true)
#4 C:\xampp\htdocs\finalprojectwp02\sn-ci4\app\Controllers\Home.php(13): view('templates/v_hea...')
#5 C:\xampp\htdocs\finalprojectwp02\sn-ci4\system\CodeIgniter.php(824): App\Controllers\Home->index()
#6 C:\xampp\htdocs\finalprojectwp02\sn-ci4\system\CodeIgniter.php(410): CodeIgniter\CodeIgniter->runController(Object(App\Controllers\Home))
#7 C:\xampp\htdocs\finalprojectwp02\sn-ci4\system\CodeIgniter.php(318): CodeIgniter\CodeIgniter->handleRequest(NULL, Object(Config\Cache), false)
#8 C:\xampp\htdocs\finalprojectwp02\sn-ci4\public\index.php(37): CodeIgniter\CodeIgniter->run()
#9 C:\xampp\htdocs\finalprojectwp02\sn-ci4\system\Commands\Server\rewrite.php(43): require_once('C:\\xampp\\htdocs...')
#10 {main}
CRITICAL - 2021-12-27 03:30:03 --> Undefined variable: judul
#0 C:\xampp\htdocs\finalprojectwp02\sn-ci4\app\Views\templates\v_header.php(12): CodeIgniter\Debug\Exceptions->errorHandler(8, 'Undefined varia...', 'C:\\xampp\\htdocs...', 12, Array)
#1 C:\xampp\htdocs\finalprojectwp02\sn-ci4\system\View\View.php(214): include('C:\\xampp\\htdocs...')
#2 C:\xampp\htdocs\finalprojectwp02\sn-ci4\system\View\View.php(217): CodeIgniter\View\View->CodeIgniter\View\{closure}()
#3 C:\xampp\htdocs\finalprojectwp02\sn-ci4\system\Common.php(1097): CodeIgniter\View\View->render('templates/v_hea...', Array, true)
#4 C:\xampp\htdocs\finalprojectwp02\sn-ci4\app\Controllers\Home.php(13): view('templates/v_hea...')
#5 C:\xampp\htdocs\finalprojectwp02\sn-ci4\system\CodeIgniter.php(824): App\Controllers\Home->index()
#6 C:\xampp\htdocs\finalprojectwp02\sn-ci4\system\CodeIgniter.php(410): CodeIgniter\CodeIgniter->runController(Object(App\Controllers\Home))
#7 C:\xampp\htdocs\finalprojectwp02\sn-ci4\system\CodeIgniter.php(318): CodeIgniter\CodeIgniter->handleRequest(NULL, Object(Config\Cache), false)
#8 C:\xampp\htdocs\finalprojectwp02\sn-ci4\public\index.php(37): CodeIgniter\CodeIgniter->run()
#9 {main}
CRITICAL - 2021-12-27 03:34:12 --> Undefined variable: judul
#0 C:\xampp\htdocs\finalprojectwp02\sn-ci4\app\Views\templates\v_header.php(12): CodeIgniter\Debug\Exceptions->errorHandler(8, 'Undefined varia...', 'C:\\xampp\\htdocs...', 12, Array)
#1 C:\xampp\htdocs\finalprojectwp02\sn-ci4\system\View\View.php(214): include('C:\\xampp\\htdocs...')
#2 C:\xampp\htdocs\finalprojectwp02\sn-ci4\system\View\View.php(217): CodeIgniter\View\View->CodeIgniter\View\{closure}()
#3 C:\xampp\htdocs\finalprojectwp02\sn-ci4\system\Common.php(1097): CodeIgniter\View\View->render('templates/v_hea...', Array, true)
#4 C:\xampp\htdocs\finalprojectwp02\sn-ci4\app\Controllers\Home.php(13): view('templates/v_hea...')
#5 C:\xampp\htdocs\finalprojectwp02\sn-ci4\system\CodeIgniter.php(824): App\Controllers\Home->index()
#6 C:\xampp\htdocs\finalprojectwp02\sn-ci4\system\CodeIgniter.php(410): CodeIgniter\CodeIgniter->runController(Object(App\Controllers\Home))
#7 C:\xampp\htdocs\finalprojectwp02\sn-ci4\system\CodeIgniter.php(318): CodeIgniter\CodeIgniter->handleRequest(NULL, Object(Config\Cache), false)
#8 C:\xampp\htdocs\finalprojectwp02\sn-ci4\public\index.php(37): CodeIgniter\CodeIgniter->run()
#9 {main}
CRITICAL - 2021-12-27 06:02:16 --> syntax error, unexpected 'else' (T_ELSE), expecting function (T_FUNCTION) or const (T_CONST)
#0 C:\xampp\htdocs\finalprojectwp02\sn-ci4\system\Router\Router.php(176): CodeIgniter\Router\Router->autoRoute('siswa')
#1 C:\xampp\htdocs\finalprojectwp02\sn-ci4\system\CodeIgniter.php(718): CodeIgniter\Router\Router->handle('siswa')
#2 C:\xampp\htdocs\finalprojectwp02\sn-ci4\system\CodeIgniter.php(359): CodeIgniter\CodeIgniter->tryToRouteIt(Object(CodeIgniter\Router\RouteCollection))
#3 C:\xampp\htdocs\finalprojectwp02\sn-ci4\system\CodeIgniter.php(318): CodeIgniter\CodeIgniter->handleRequest(NULL, Object(Config\Cache), false)
#4 C:\xampp\htdocs\finalprojectwp02\sn-ci4\public\index.php(37): CodeIgniter\CodeIgniter->run()
#5 C:\xampp\htdocs\finalprojectwp02\sn-ci4\system\Commands\Server\rewrite.php(43): require_once('C:\\xampp\\htdocs...')
#6 {main}
CRITICAL - 2021-12-27 07:20:18 --> syntax error, unexpected end of file, expecting function (T_FUNCTION) or const (T_CONST)
#0 C:\xampp\htdocs\finalprojectwp02\sn-ci4\system\Autoloader\Autoloader.php(241): CodeIgniter\Autoloader\Autoloader->includeFile('C:\\xampp\\htdocs...')
#1 C:\xampp\htdocs\finalprojectwp02\sn-ci4\system\Autoloader\Autoloader.php(219): CodeIgniter\Autoloader\Autoloader->loadInNamespace('App\\Models\\M_Si...')
#2 [internal function]: CodeIgniter\Autoloader\Autoloader->loadClass('App\\Models\\M_Si...')
#3 C:\xampp\htdocs\finalprojectwp02\sn-ci4\app\Controllers\Siswa.php(12): spl_autoload_call('App\\Models\\M_Si...')
#4 C:\xampp\htdocs\finalprojectwp02\sn-ci4\system\CodeIgniter.php(801): App\Controllers\Siswa->__construct()
#5 C:\xampp\htdocs\finalprojectwp02\sn-ci4\system\CodeIgniter.php(401): CodeIgniter\CodeIgniter->createController()
#6 C:\xampp\htdocs\finalprojectwp02\sn-ci4\system\CodeIgniter.php(318): CodeIgniter\CodeIgniter->handleRequest(NULL, Object(Config\Cache), false)
#7 C:\xampp\htdocs\finalprojectwp02\sn-ci4\public\index.php(37): CodeIgniter\CodeIgniter->run()
#8 C:\xampp\htdocs\finalprojectwp02\sn-ci4\system\Commands\Server\rewrite.php(43): require_once('C:\\xampp\\htdocs...')
#9 {main}
CRITICAL - 2021-12-27 21:07:04 --> Undefined variable: nama
#0 C:\xampp\htdocs\finalprojectwp02\sn-ci4\app\Views\Home\index.php(6): CodeIgniter\Debug\Exceptions->errorHandler(8, 'Undefined varia...', 'C:\\xampp\\htdocs...', 6, Array)
#1 C:\xampp\htdocs\finalprojectwp02\sn-ci4\system\View\View.php(214): include('C:\\xampp\\htdocs...')
#2 C:\xampp\htdocs\finalprojectwp02\sn-ci4\system\View\View.php(217): CodeIgniter\View\View->CodeIgniter\View\{closure}()
#3 C:\xampp\htdocs\finalprojectwp02\sn-ci4\system\Common.php(1097): CodeIgniter\View\View->render('home/index', Array, true)
#4 C:\xampp\htdocs\finalprojectwp02\sn-ci4\app\Controllers\Home.php(19): view('home/index', Array, Array)
#5 C:\xampp\htdocs\finalprojectwp02\sn-ci4\system\CodeIgniter.php(824): App\Controllers\Home->index()
#6 C:\xampp\htdocs\finalprojectwp02\sn-ci4\system\CodeIgniter.php(410): CodeIgniter\CodeIgniter->runController(Object(App\Controllers\Home))
#7 C:\xampp\htdocs\finalprojectwp02\sn-ci4\system\CodeIgniter.php(318): CodeIgniter\CodeIgniter->handleRequest(NULL, Object(Config\Cache), false)
#8 C:\xampp\htdocs\finalprojectwp02\sn-ci4\public\index.php(37): CodeIgniter\CodeIgniter->run()
#9 C:\xampp\htdocs\finalprojectwp02\sn-ci4\system\Commands\Server\rewrite.php(43): require_once('C:\\xampp\\htdocs...')
#10 {main}
CRITICAL - 2021-12-27 21:07:19 --> Undefined variable: data2
#0 C:\xampp\htdocs\finalprojectwp02\sn-ci4\app\Views\Home\index.php(6): CodeIgniter\Debug\Exceptions->errorHandler(8, 'Undefined varia...', 'C:\\xampp\\htdocs...', 6, Array)
#1 C:\xampp\htdocs\finalprojectwp02\sn-ci4\system\View\View.php(214): include('C:\\xampp\\htdocs...')
#2 C:\xampp\htdocs\finalprojectwp02\sn-ci4\system\View\View.php(217): CodeIgniter\View\View->CodeIgniter\View\{closure}()
#3 C:\xampp\htdocs\finalprojectwp02\sn-ci4\system\Common.php(1097): CodeIgniter\View\View->render('home/index', Array, true)
#4 C:\xampp\htdocs\finalprojectwp02\sn-ci4\app\Controllers\Home.php(19): view('home/index', Array, Array)
#5 C:\xampp\htdocs\finalprojectwp02\sn-ci4\system\CodeIgniter.php(824): App\Controllers\Home->index()
#6 C:\xampp\htdocs\finalprojectwp02\sn-ci4\system\CodeIgniter.php(410): CodeIgniter\CodeIgniter->runController(Object(App\Controllers\Home))
#7 C:\xampp\htdocs\finalprojectwp02\sn-ci4\system\CodeIgniter.php(318): CodeIgniter\CodeIgniter->handleRequest(NULL, Object(Config\Cache), false)
#8 C:\xampp\htdocs\finalprojectwp02\sn-ci4\public\index.php(37): CodeIgniter\CodeIgniter->run()
#9 C:\xampp\htdocs\finalprojectwp02\sn-ci4\system\Commands\Server\rewrite.php(43): require_once('C:\\xampp\\htdocs...')
#10 {main}
CRITICAL - 2021-12-27 23:18:31 --> Undefined variable: row
#0 C:\xampp\htdocs\finalprojectwp02\sn-ci4\app\Views\Siswa\index.php(84): CodeIgniter\Debug\Exceptions->errorHandler(8, 'Undefined varia...', 'C:\\xampp\\htdocs...', 84, Array)
#1 C:\xampp\htdocs\finalprojectwp02\sn-ci4\system\View\View.php(214): include('C:\\xampp\\htdocs...')
#2 C:\xampp\htdocs\finalprojectwp02\sn-ci4\system\View\View.php(217): CodeIgniter\View\View->CodeIgniter\View\{closure}()
#3 C:\xampp\htdocs\finalprojectwp02\sn-ci4\system\Common.php(1097): CodeIgniter\View\View->render('siswa/index', Array, true)
#4 C:\xampp\htdocs\finalprojectwp02\sn-ci4\app\Controllers\Siswa.php(24): view('siswa/index', Array)
#5 C:\xampp\htdocs\finalprojectwp02\sn-ci4\system\CodeIgniter.php(824): App\Controllers\Siswa->index()
#6 C:\xampp\htdocs\finalprojectwp02\sn-ci4\system\CodeIgniter.php(410): CodeIgniter\CodeIgniter->runController(Object(App\Controllers\Siswa))
#7 C:\xampp\htdocs\finalprojectwp02\sn-ci4\system\CodeIgniter.php(318): CodeIgniter\CodeIgniter->handleRequest(NULL, Object(Config\Cache), false)
#8 C:\xampp\htdocs\finalprojectwp02\sn-ci4\public\index.php(37): CodeIgniter\CodeIgniter->run()
#9 C:\xampp\htdocs\finalprojectwp02\sn-ci4\system\Commands\Server\rewrite.php(43): require_once('C:\\xampp\\htdocs...')
#10 {main}
CRITICAL - 2021-12-27 23:18:37 --> Undefined variable: row
#0 C:\xampp\htdocs\finalprojectwp02\sn-ci4\app\Views\Siswa\index.php(84): CodeIgniter\Debug\Exceptions->errorHandler(8, 'Undefined varia...', 'C:\\xampp\\htdocs...', 84, Array)
#1 C:\xampp\htdocs\finalprojectwp02\sn-ci4\system\View\View.php(214): include('C:\\xampp\\htdocs...')
#2 C:\xampp\htdocs\finalprojectwp02\sn-ci4\system\View\View.php(217): CodeIgniter\View\View->CodeIgniter\View\{closure}()
#3 C:\xampp\htdocs\finalprojectwp02\sn-ci4\system\Common.php(1097): CodeIgniter\View\View->render('siswa/index', Array, true)
#4 C:\xampp\htdocs\finalprojectwp02\sn-ci4\app\Controllers\Siswa.php(24): view('siswa/index', Array)
#5 C:\xampp\htdocs\finalprojectwp02\sn-ci4\system\CodeIgniter.php(824): App\Controllers\Siswa->index()
#6 C:\xampp\htdocs\finalprojectwp02\sn-ci4\system\CodeIgniter.php(410): CodeIgniter\CodeIgniter->runController(Object(App\Controllers\Siswa))
#7 C:\xampp\htdocs\finalprojectwp02\sn-ci4\system\CodeIgniter.php(318): CodeIgniter\CodeIgniter->handleRequest(NULL, Object(Config\Cache), false)
#8 C:\xampp\htdocs\finalprojectwp02\sn-ci4\public\index.php(37): CodeIgniter\CodeIgniter->run()
#9 C:\xampp\htdocs\finalprojectwp02\sn-ci4\system\Commands\Server\rewrite.php(43): require_once('C:\\xampp\\htdocs...')
#10 {main}
CRITICAL - 2021-12-27 23:18:44 --> Undefined variable: row
#0 C:\xampp\htdocs\finalprojectwp02\sn-ci4\app\Views\Siswa\index.php(84): CodeIgniter\Debug\Exceptions->errorHandler(8, 'Undefined varia...', 'C:\\xampp\\htdocs...', 84, Array)
#1 C:\xampp\htdocs\finalprojectwp02\sn-ci4\system\View\View.php(214): include('C:\\xampp\\htdocs...')
#2 C:\xampp\htdocs\finalprojectwp02\sn-ci4\system\View\View.php(217): CodeIgniter\View\View->CodeIgniter\View\{closure}()
#3 C:\xampp\htdocs\finalprojectwp02\sn-ci4\system\Common.php(1097): CodeIgniter\View\View->render('siswa/index', Array, true)
#4 C:\xampp\htdocs\finalprojectwp02\sn-ci4\app\Controllers\Siswa.php(24): view('siswa/index', Array)
#5 C:\xampp\htdocs\finalprojectwp02\sn-ci4\system\CodeIgniter.php(824): App\Controllers\Siswa->index()
#6 C:\xampp\htdocs\finalprojectwp02\sn-ci4\system\CodeIgniter.php(410): CodeIgniter\CodeIgniter->runController(Object(App\Controllers\Siswa))
#7 C:\xampp\htdocs\finalprojectwp02\sn-ci4\system\CodeIgniter.php(318): CodeIgniter\CodeIgniter->handleRequest(NULL, Object(Config\Cache), false)
#8 C:\xampp\htdocs\finalprojectwp02\sn-ci4\public\index.php(37): CodeIgniter\CodeIgniter->run()
#9 C:\xampp\htdocs\finalprojectwp02\sn-ci4\system\Commands\Server\rewrite.php(43): require_once('C:\\xampp\\htdocs...')
#10 {main}
